<?xml version="1.0" encoding="UTF-8"?>
<!-- Generated by org.testng.reporters.JUnitReportReporter -->
<testsuite hostname="PaxoTechWin7X64" name="com.loardandTaylor.testsripts.LoginBaseFanctionality" tests="1" failures="0" timestamp="15 Aug 2015 00:46:11 GMT" time="7.025" errors="0">
  <testcase name="login" time="7.025" classname="com.loardandTaylor.testsripts.LoginBaseFanctionality"/>
</testsuite> <!-- com.loardandTaylor.testsripts.LoginBaseFanctionality -->
