<?xml version="1.0" encoding="UTF-8"?>
<!-- Generated by org.testng.reporters.JUnitReportReporter -->
<testsuite hostname="PaxoTechWin7X64" name="com.lordandTaylor.testsripts.Shikuli.WinFolderImage" tests="1" failures="0" timestamp="30 Aug 2015 13:42:12 GMT" time="11.534" errors="0">
  <testcase name="fileUploadTest" time="11.534" classname="com.lordandTaylor.testsripts.Shikuli.WinFolderImage"/>
</testsuite> <!-- com.lordandTaylor.testsripts.Shikuli.WinFolderImage -->
