<?xml version="1.0" encoding="UTF-8"?>
<!-- Generated by org.testng.reporters.JUnitReportReporter -->
<testsuite hostname="PaxoTechWin7X64" name="com.lordandTaylor.testsripts.ProductScripts" tests="1" failures="0" timestamp="31 Oct 2015 23:30:45 GMT" time="157.622" errors="0">
  <testcase name="allprductandmanue" time="157.622" classname="com.lordandTaylor.testsripts.ProductScripts"/>
</testsuite> <!-- com.lordandTaylor.testsripts.ProductScripts -->
