<?xml version="1.0" encoding="UTF-8"?>
<!-- Generated by org.testng.reporters.JUnitReportReporter -->
<testsuite hostname="PaxoTechWin7X64" name="com.lordandTaylor.testsripts.FuctionalTest" tests="1" failures="0" timestamp="18 Oct 2015 03:21:28 GMT" time="76.810" errors="0">
  <testcase name="Fuctional" time="76.810" classname="com.lordandTaylor.testsripts.FuctionalTest"/>
</testsuite> <!-- com.lordandTaylor.testsripts.FuctionalTest -->
