<?xml version="1.0" encoding="UTF-8"?>
<!-- Generated by org.testng.reporters.JUnitReportReporter -->
<testsuite hostname="PaxoTechWin7X64" name="com.lordandTaylor.testsripts.RegistrationBaseScripts" tests="1" failures="0" timestamp="13 Sep 2015 04:50:04 GMT" time="56.329" errors="0">
  <testcase name="newMemberRegistration" time="56.329" classname="com.lordandTaylor.testsripts.RegistrationBaseScripts"/>
</testsuite> <!-- com.lordandTaylor.testsripts.RegistrationBaseScripts -->
